<?xml version="1.0" encoding="UTF-8"?>
<testsuite xmlns:xsi="http://www.w3.org/2001/XMLSchema-instance" xsi:noNamespaceSchemaLocation="https://maven.apache.org/surefire/maven-surefire-plugin/xsd/surefire-test-report.xsd" name="Project2JavaFXTest" time="0.035" tests="21" errors="0" skipped="0" failures="0">
  <properties>
[...]
</properties>
  <testcase name="testSetIntersection" classname="Project2JavaFXTest" time="0.009"/>
  <testcase name="testMaximumSelections10" classname="Project2JavaFXTest" time="0"/>
  <testcase name="testG1" classname="Project2JavaFXTest" time="0.001"/>
  <testcase name="testG2" classname="Project2JavaFXTest" time="0"/>
  <testcase name="testG4" classname="Project2JavaFXTest" time="0.001"/>
  <testcase name="testG5" classname="Project2JavaFXTest" time="0"/>
  <testcase name="testG6" classname="Project2JavaFXTest" time="0.001"/>
  <testcase name="testG7" classname="Project2JavaFXTest" time="0"/>
  <testcase name="earningsMethodTest1" classname="Project2JavaFXTest" time="0.001"/>
  <testcase name="earningsMethodTest2" classname="Project2JavaFXTest" time="0"/>
  <testcase name="earningsMethodTest3" classname="Project2JavaFXTest" time="0.001"/>
  <testcase name="earningsMethodTest4" classname="Project2JavaFXTest" time="0"/>
  <testcase name="testSetDrawCount10" classname="Project2JavaFXTest" time="0"/>
  <testcase name="testSetWorksCorrectly" classname="Project2JavaFXTest" time="0"/>
  <testcase name="testMaximumSelections1" classname="Project2JavaFXTest" time="0"/>
  <testcase name="testMaximumSelections4" classname="Project2JavaFXTest" time="0.001"/>
  <testcase name="testMaximumSelections8" classname="Project2JavaFXTest" time="0"/>
  <testcase name="testSetWorksWithRandomNumbers" classname="Project2JavaFXTest" time="0"/>
  <testcase name="testSetDrawCount1" classname="Project2JavaFXTest" time="0"/>
  <testcase name="testSetDrawCount4" classname="Project2JavaFXTest" time="0"/>
  <testcase name="testSetDrawCount8" classname="Project2JavaFXTest" time="0"/>
</testsuite>